<?xml version="1.0" encoding="UTF-8"?>
<testng-results skipped="0" failed="0" total="1" passed="1">
  <reporter-output>
  </reporter-output>
  <suite name="AllTest" duration-ms="4951" started-at="2016-10-20T00:22:34Z" finished-at="2016-10-20T00:22:39Z">
    <groups>
    </groups>
    <test name="Example" duration-ms="4951" started-at="2016-10-20T00:22:34Z" finished-at="2016-10-20T00:22:39Z">
      <class name="com.epam.uiatest.Example">
        <test-method status="PASS" signature="test()[pri:0, instance:com.epam.uiatest.Example@380fb434]" name="test" duration-ms="4935" started-at="2016-10-20T03:22:34Z" finished-at="2016-10-20T03:22:39Z">
          <reporter-output>
          </reporter-output>
        </test-method> <!-- test -->
      </class> <!-- com.epam.uiatest.Example -->
    </test> <!-- Example -->
  </suite> <!-- AllTest -->
</testng-results>
