<?xml version="1.0" encoding="UTF-8"?>
<testng-results skipped="0" failed="0" total="1" passed="1">
  <reporter-output>
  </reporter-output>
  <suite name="AllTest" duration-ms="18599" started-at="2016-11-07T16:18:33Z" finished-at="2016-11-07T16:18:51Z">
    <groups>
    </groups>
    <test name="Example" duration-ms="18599" started-at="2016-11-07T16:18:33Z" finished-at="2016-11-07T16:18:51Z">
      <class name="com.epam.uiatest.Example">
        <test-method status="PASS" signature="test(boolean, java.lang.String, java.lang.String)[pri:0, instance:com.epam.uiatest.Example@246ae04d]" name="test" duration-ms="18573" started-at="2016-11-07T19:18:33Z" data-provider="correctData" finished-at="2016-11-07T19:18:51Z">
          <params>
            <param index="0">
              <value>
                <![CDATA[true]]>
              </value>
            </param>
            <param index="1">
              <value>
                <![CDATA[epam]]>
              </value>
            </param>
            <param index="2">
              <value>
                <![CDATA[1234]]>
              </value>
            </param>
          </params>
          <reporter-output>
          </reporter-output>
        </test-method> <!-- test -->
      </class> <!-- com.epam.uiatest.Example -->
    </test> <!-- Example -->
  </suite> <!-- AllTest -->
</testng-results>
