<?xml version="1.0" encoding="UTF-8"?>
<testng-results skipped="0" failed="0" total="1" passed="1">
  <reporter-output>
  </reporter-output>
  <suite name="AllTest" duration-ms="10683" started-at="2016-11-07T16:14:58Z" finished-at="2016-11-07T16:15:09Z">
    <groups>
    </groups>
    <test name="Example" duration-ms="10683" started-at="2016-11-07T16:14:58Z" finished-at="2016-11-07T16:15:09Z">
      <class name="com.epam.uiatest.Example">
        <test-method status="PASS" signature="test()[pri:0, instance:com.epam.uiatest.Example@74aa9c72]" name="test" duration-ms="10310" started-at="2016-11-07T19:14:58Z" finished-at="2016-11-07T19:15:08Z">
          <reporter-output>
          </reporter-output>
        </test-method> <!-- test -->
      </class> <!-- com.epam.uiatest.Example -->
    </test> <!-- Example -->
  </suite> <!-- AllTest -->
</testng-results>
